TN:
SF:./app/js/config.js
FNF:0
FNH:0
DA:1,1
LF:1
LH:1
BRF:0
BRH:0
end_of_record
TN:
SF:./app/js/routes.js
FN:9,(anonymous_1)
FNF:1
FNH:1
FNDA:31,(anonymous_1)
DA:7,1
DA:9,1
DA:11,31
DA:17,31
DA:23,31
LF:5
LH:5
BRF:0
BRH:0
end_of_record
TN:
SF:./app/js/controllers.js
FN:13,(anonymous_1)
FN:43,(anonymous_2)
FN:47,(anonymous_3)
FN:49,(anonymous_4)
FN:56,(anonymous_5)
FN:64,(anonymous_6)
FN:69,(anonymous_7)
FN:71,(anonymous_8)
FN:77,(anonymous_9)
FN:86,(anonymous_10)
FN:91,(anonymous_11)
FN:99,(anonymous_12)
FN:104,(anonymous_13)
FN:108,(anonymous_14)
FN:116,(anonymous_15)
FN:120,(anonymous_16)
FN:129,(anonymous_17)
FN:130,(anonymous_18)
FN:132,(anonymous_19)
FN:136,(anonymous_20)
FN:146,(anonymous_21)
FN:149,(anonymous_22)
FN:157,(anonymous_23)
FN:166,(anonymous_24)
FN:168,(anonymous_25)
FN:172,(anonymous_26)
FN:175,(anonymous_27)
FN:181,(anonymous_28)
FN:191,(anonymous_29)
FN:207,(anonymous_30)
FN:220,(anonymous_31)
FN:222,(anonymous_32)
FN:225,(anonymous_33)
FN:229,(anonymous_34)
FN:239,(anonymous_35)
FN:244,(anonymous_36)
FN:246,(anonymous_37)
FN:253,(anonymous_38)
FN:258,(anonymous_39)
FN:265,(anonymous_40)
FN:271,(anonymous_41)
FN:274,(anonymous_42)
FN:277,(anonymous_43)
FN:281,(anonymous_44)
FN:285,(anonymous_45)
FN:289,(anonymous_46)
FN:295,(anonymous_47)
FN:316,(anonymous_48)
FN:320,(anonymous_49)
FN:329,(anonymous_50)
FN:334,(anonymous_51)
FN:339,(anonymous_52)
FN:363,(anonymous_53)
FN:374,(anonymous_54)
FN:375,(anonymous_55)
FN:379,(anonymous_56)
FN:383,(anonymous_57)
FN:395,(anonymous_58)
FN:403,(anonymous_59)
FN:413,(anonymous_60)
FN:424,(anonymous_61)
FN:428,(anonymous_62)
FN:432,(anonymous_63)
FN:436,(anonymous_64)
FN:440,(anonymous_65)
FN:444,(anonymous_66)
FN:448,(anonymous_67)
FN:452,(anonymous_68)
FN:466,(anonymous_69)
FN:470,(anonymous_70)
FN:494,(anonymous_71)
FN:496,(anonymous_72)
FN:504,(anonymous_73)
FN:508,(anonymous_74)
FN:515,(anonymous_75)
FN:522,(anonymous_76)
FN:526,(anonymous_77)
FN:533,(anonymous_78)
FN:537,(anonymous_79)
FN:546,(anonymous_80)
FN:559,(anonymous_81)
FN:569,(anonymous_82)
FN:574,(anonymous_83)
FN:576,(anonymous_84)
FN:580,(anonymous_85)
FN:582,(anonymous_86)
FN:595,(anonymous_87)
FN:597,(anonymous_88)
FN:606,(anonymous_89)
FN:610,(anonymous_90)
FN:618,(anonymous_91)
FN:628,(anonymous_92)
FN:633,(anonymous_93)
FN:652,(anonymous_94)
FN:657,(anonymous_95)
FN:661,(anonymous_96)
FN:665,(anonymous_97)
FN:667,(anonymous_98)
FN:674,(anonymous_99)
FN:687,endsWith
FN:695,(anonymous_101)
FN:708,(anonymous_102)
FN:715,(anonymous_103)
FN:741,(anonymous_104)
FN:748,(anonymous_105)
FN:755,(anonymous_106)
FN:769,(anonymous_107)
FN:773,(anonymous_108)
FN:783,(anonymous_109)
FN:794,(anonymous_110)
FN:797,(anonymous_111)
FN:799,(anonymous_112)
FN:802,(anonymous_113)
FN:806,(anonymous_114)
FN:812,(anonymous_115)
FN:824,(anonymous_116)
FN:828,(anonymous_117)
FN:846,(anonymous_118)
FN:848,(anonymous_119)
FN:854,(anonymous_120)
FN:861,(anonymous_121)
FN:867,(anonymous_122)
FN:878,(anonymous_123)
FNF:123
FNH:18
FNDA:5,(anonymous_1)
FNDA:1,(anonymous_2)
FNDA:5,(anonymous_3)
FNDA:0,(anonymous_4)
FNDA:0,(anonymous_5)
FNDA:0,(anonymous_6)
FNDA:0,(anonymous_7)
FNDA:0,(anonymous_8)
FNDA:0,(anonymous_9)
FNDA:0,(anonymous_10)
FNDA:0,(anonymous_11)
FNDA:1,(anonymous_12)
FNDA:0,(anonymous_13)
FNDA:0,(anonymous_14)
FNDA:0,(anonymous_15)
FNDA:0,(anonymous_16)
FNDA:0,(anonymous_17)
FNDA:0,(anonymous_18)
FNDA:0,(anonymous_19)
FNDA:0,(anonymous_20)
FNDA:1,(anonymous_21)
FNDA:0,(anonymous_22)
FNDA:0,(anonymous_23)
FNDA:1,(anonymous_24)
FNDA:0,(anonymous_25)
FNDA:0,(anonymous_26)
FNDA:0,(anonymous_27)
FNDA:0,(anonymous_28)
FNDA:1,(anonymous_29)
FNDA:1,(anonymous_30)
FNDA:0,(anonymous_31)
FNDA:0,(anonymous_32)
FNDA:0,(anonymous_33)
FNDA:0,(anonymous_34)
FNDA:0,(anonymous_35)
FNDA:0,(anonymous_36)
FNDA:0,(anonymous_37)
FNDA:0,(anonymous_38)
FNDA:0,(anonymous_39)
FNDA:0,(anonymous_40)
FNDA:1,(anonymous_41)
FNDA:0,(anonymous_42)
FNDA:0,(anonymous_43)
FNDA:0,(anonymous_44)
FNDA:0,(anonymous_45)
FNDA:0,(anonymous_46)
FNDA:0,(anonymous_47)
FNDA:1,(anonymous_48)
FNDA:0,(anonymous_49)
FNDA:0,(anonymous_50)
FNDA:0,(anonymous_51)
FNDA:2,(anonymous_52)
FNDA:0,(anonymous_53)
FNDA:0,(anonymous_54)
FNDA:0,(anonymous_55)
FNDA:0,(anonymous_56)
FNDA:0,(anonymous_57)
FNDA:0,(anonymous_58)
FNDA:0,(anonymous_59)
FNDA:0,(anonymous_60)
FNDA:0,(anonymous_61)
FNDA:0,(anonymous_62)
FNDA:0,(anonymous_63)
FNDA:0,(anonymous_64)
FNDA:0,(anonymous_65)
FNDA:0,(anonymous_66)
FNDA:0,(anonymous_67)
FNDA:0,(anonymous_68)
FNDA:0,(anonymous_69)
FNDA:0,(anonymous_70)
FNDA:0,(anonymous_71)
FNDA:0,(anonymous_72)
FNDA:0,(anonymous_73)
FNDA:0,(anonymous_74)
FNDA:0,(anonymous_75)
FNDA:0,(anonymous_76)
FNDA:0,(anonymous_77)
FNDA:0,(anonymous_78)
FNDA:0,(anonymous_79)
FNDA:0,(anonymous_80)
FNDA:1,(anonymous_81)
FNDA:0,(anonymous_82)
FNDA:0,(anonymous_83)
FNDA:0,(anonymous_84)
FNDA:0,(anonymous_85)
FNDA:0,(anonymous_86)
FNDA:0,(anonymous_87)
FNDA:0,(anonymous_88)
FNDA:0,(anonymous_89)
FNDA:0,(anonymous_90)
FNDA:1,(anonymous_91)
FNDA:0,(anonymous_92)
FNDA:0,(anonymous_93)
FNDA:0,(anonymous_94)
FNDA:0,(anonymous_95)
FNDA:0,(anonymous_96)
FNDA:0,(anonymous_97)
FNDA:0,(anonymous_98)
FNDA:0,(anonymous_99)
FNDA:0,endsWith
FNDA:1,(anonymous_101)
FNDA:1,(anonymous_102)
FNDA:0,(anonymous_103)
FNDA:0,(anonymous_104)
FNDA:0,(anonymous_105)
FNDA:0,(anonymous_106)
FNDA:0,(anonymous_107)
FNDA:0,(anonymous_108)
FNDA:0,(anonymous_109)
FNDA:0,(anonymous_110)
FNDA:0,(anonymous_111)
FNDA:0,(anonymous_112)
FNDA:0,(anonymous_113)
FNDA:0,(anonymous_114)
FNDA:1,(anonymous_115)
FNDA:0,(anonymous_116)
FNDA:0,(anonymous_117)
FNDA:1,(anonymous_118)
FNDA:0,(anonymous_119)
FNDA:0,(anonymous_120)
FNDA:1,(anonymous_121)
FNDA:0,(anonymous_122)
FNDA:0,(anonymous_123)
DA:13,1
DA:14,5
DA:16,5
DA:17,0
DA:19,5
DA:21,5
DA:22,5
DA:23,5
DA:24,5
DA:27,0
DA:28,0
DA:30,5
DA:31,5
DA:36,5
DA:37,5
DA:39,0
DA:41,5
DA:43,5
DA:44,1
DA:47,5
DA:48,5
DA:52,0
DA:60,5
DA:62,5
DA:63,5
DA:64,5
DA:65,0
DA:67,0
DA:68,0
DA:69,0
DA:70,0
DA:72,0
DA:77,5
DA:78,0
DA:86,0
DA:87,0
DA:88,0
DA:89,0
DA:91,0
DA:92,0
DA:93,0
DA:95,0
DA:99,1
DA:100,1
DA:101,1
DA:102,1
DA:104,1
DA:105,0
DA:108,1
DA:109,0
DA:110,0
DA:111,0
DA:112,0
DA:114,0
DA:115,0
DA:117,0
DA:118,0
DA:121,0
DA:129,1
DA:130,0
DA:131,0
DA:133,0
DA:134,0
DA:137,0
DA:146,1
DA:147,1
DA:148,1
DA:153,0
DA:158,0
DA:161,1
DA:162,1
DA:163,1
DA:166,1
DA:167,1
DA:168,1
DA:169,0
DA:172,1
DA:173,0
DA:174,0
DA:175,0
DA:176,0
DA:177,0
DA:178,0
DA:179,0
DA:180,0
DA:182,0
DA:183,0
DA:191,1
DA:199,1
DA:200,1
DA:201,1
DA:203,0
DA:207,1
DA:208,1
DA:210,1
DA:212,1
DA:214,0
DA:215,0
DA:216,0
DA:217,0
DA:218,0
DA:219,0
DA:220,0
DA:221,0
DA:223,0
DA:224,0
DA:226,0
DA:227,0
DA:228,0
DA:230,0
DA:233,0
DA:239,1
DA:240,0
DA:241,0
DA:243,0
DA:244,0
DA:247,0
DA:253,1
DA:254,0
DA:258,1
DA:259,0
DA:260,0
DA:261,0
DA:262,0
DA:265,1
DA:266,0
DA:267,0
DA:271,1
DA:272,1
DA:273,1
DA:275,0
DA:277,1
DA:278,0
DA:279,0
DA:280,0
DA:281,0
DA:282,0
DA:285,1
DA:286,0
DA:287,0
DA:288,0
DA:289,0
DA:290,0
DA:294,1
DA:295,1
DA:296,0
DA:297,0
DA:299,0
DA:300,0
DA:301,0
DA:302,0
DA:303,0
DA:305,0
DA:309,0
DA:316,1
DA:318,1
DA:320,1
DA:321,0
DA:326,0
DA:329,1
DA:330,0
DA:331,0
DA:334,1
DA:335,0
DA:339,1
DA:340,2
DA:341,2
DA:343,2
DA:344,2
DA:345,2
DA:346,2
DA:347,2
DA:348,2
DA:349,2
DA:350,2
DA:351,2
DA:363,2
DA:364,0
DA:365,0
DA:367,0
DA:368,0
DA:369,0
DA:372,0
DA:374,0
DA:375,0
DA:377,0
DA:379,0
DA:380,0
DA:383,0
DA:384,0
DA:385,0
DA:390,0
DA:395,2
DA:396,0
DA:399,2
DA:400,2
DA:403,2
DA:404,0
DA:405,0
DA:406,0
DA:407,0
DA:408,0
DA:409,0
DA:410,0
DA:413,2
DA:414,0
DA:415,0
DA:416,0
DA:417,0
DA:418,0
DA:419,0
DA:420,0
DA:423,0
DA:425,0
DA:426,0
DA:429,0
DA:430,0
DA:433,0
DA:434,0
DA:437,0
DA:438,0
DA:441,0
DA:442,0
DA:445,0
DA:446,0
DA:449,0
DA:450,0
DA:455,0
DA:463,0
DA:464,0
DA:467,0
DA:468,0
DA:470,0
DA:471,0
DA:472,0
DA:473,0
DA:474,0
DA:475,0
DA:478,0
DA:479,0
DA:480,0
DA:481,0
DA:482,0
DA:484,0
DA:489,0
DA:490,0
DA:491,0
DA:492,0
DA:493,0
DA:494,0
DA:495,0
DA:497,0
DA:500,0
DA:502,0
DA:506,0
DA:507,0
DA:508,0
DA:509,0
DA:510,0
DA:511,0
DA:512,0
DA:513,0
DA:514,0
DA:515,0
DA:516,0
DA:519,0
DA:520,0
DA:523,0
DA:524,0
DA:527,0
DA:528,0
DA:529,0
DA:533,2
DA:537,2
DA:538,0
DA:539,0
DA:546,1
DA:548,0
DA:549,0
DA:550,0
DA:552,0
DA:559,1
DA:561,1
DA:562,1
DA:563,1
DA:564,1
DA:565,1
DA:566,1
DA:568,1
DA:569,1
DA:570,0
DA:571,0
DA:573,0
DA:575,0
DA:577,0
DA:580,1
DA:581,0
DA:582,0
DA:583,0
DA:584,0
DA:586,0
DA:587,0
DA:588,0
DA:590,0
DA:591,0
DA:592,0
DA:593,0
DA:594,0
DA:596,0
DA:598,0
DA:599,0
DA:600,0
DA:601,0
DA:602,0
DA:606,1
DA:607,0
DA:608,0
DA:610,1
DA:611,0
DA:618,1
DA:620,1
DA:621,1
DA:622,1
DA:623,1
DA:624,1
DA:625,1
DA:627,1
DA:628,1
DA:629,0
DA:631,0
DA:633,0
DA:634,0
DA:635,0
DA:636,0
DA:637,0
DA:638,0
DA:639,0
DA:640,0
DA:641,0
DA:642,0
DA:643,0
DA:646,0
DA:647,0
DA:649,0
DA:652,1
DA:654,0
DA:657,1
DA:658,0
DA:661,1
DA:662,0
DA:663,0
DA:664,0
DA:665,0
DA:668,0
DA:671,0
DA:674,1
DA:675,0
DA:676,0
DA:677,0
DA:678,0
DA:679,0
DA:682,0
DA:683,0
DA:684,0
DA:687,1
DA:688,0
DA:695,1
DA:696,1
DA:698,1
DA:699,1
DA:701,1
DA:704,1
DA:709,1
DA:710,1
DA:715,1
DA:716,0
DA:719,1
DA:720,1
DA:721,1
DA:723,1
DA:724,1
DA:725,1
DA:726,1
DA:729,1
DA:730,0
DA:731,0
DA:732,0
DA:734,1
DA:735,1
DA:736,1
DA:740,1
DA:741,1
DA:743,0
DA:746,1
DA:747,1
DA:748,1
DA:749,0
DA:750,0
DA:751,0
DA:752,0
DA:753,0
DA:755,1
DA:756,0
DA:757,0
DA:758,0
DA:760,0
DA:762,0
DA:765,0
DA:766,0
DA:768,0
DA:770,0
DA:772,0
DA:773,0
DA:774,0
DA:775,0
DA:777,0
DA:783,1
DA:784,0
DA:786,0
DA:787,0
DA:789,0
DA:793,1
DA:794,1
DA:795,0
DA:796,0
DA:797,0
DA:798,0
DA:799,0
DA:800,0
DA:801,0
DA:802,0
DA:803,0
DA:807,0
DA:812,1
DA:813,1
DA:816,1
DA:818,1
DA:819,1
DA:821,0
DA:824,1
DA:825,0
DA:828,1
DA:829,0
DA:830,0
DA:832,0
DA:835,1
DA:840,1
DA:846,1
DA:847,1
DA:848,1
DA:849,0
DA:851,1
DA:852,0
DA:855,0
DA:861,1
DA:862,1
DA:867,1
DA:868,0
DA:870,0
DA:871,0
DA:872,0
DA:873,0
DA:875,0
DA:879,0
DA:884,1
DA:889,1
LF:466
LH:157
BRDA:16,1,0,0
BRDA:16,1,1,5
BRDA:22,2,0,5
BRDA:22,2,1,0
BRDA:37,3,0,0
BRDA:37,3,1,5
BRDA:200,4,0,1
BRDA:200,4,1,0
BRDA:210,5,0,1
BRDA:210,5,1,0
BRDA:210,6,0,1
BRDA:210,6,1,1
BRDA:218,7,0,0
BRDA:218,7,1,0
BRDA:240,8,0,0
BRDA:240,8,1,0
BRDA:261,9,0,0
BRDA:261,9,1,0
BRDA:261,10,0,0
BRDA:261,10,1,0
BRDA:301,11,0,0
BRDA:301,11,1,0
BRDA:301,12,0,0
BRDA:301,12,1,0
BRDA:301,12,2,0
BRDA:302,13,0,0
BRDA:302,13,1,0
BRDA:367,14,0,0
BRDA:367,14,1,0
BRDA:368,15,0,0
BRDA:368,15,1,0
BRDA:478,16,0,0
BRDA:478,16,1,0
BRDA:479,17,0,0
BRDA:479,17,1,0
BRDA:481,18,0,0
BRDA:481,18,1,0
BRDA:549,19,0,0
BRDA:549,19,1,0
BRDA:640,20,0,0
BRDA:640,20,1,0
BRDA:729,21,0,0
BRDA:729,21,1,1
BRDA:729,22,0,1
BRDA:729,22,1,0
BRDA:757,23,0,0
BRDA:757,23,1,0
BRDA:774,24,0,0
BRDA:774,24,1,0
BRDA:786,25,0,0
BRDA:786,25,1,0
BRDA:818,26,0,1
BRDA:818,26,1,0
BRF:53
BRH:10
end_of_record
TN:
SF:./app/js/services.js
FN:14,(anonymous_1)
FN:18,(anonymous_2)
FN:54,(anonymous_3)
FN:70,(anonymous_4)
FN:75,(anonymous_5)
FN:85,(anonymous_6)
FN:91,(anonymous_7)
FN:93,(anonymous_8)
FN:102,(anonymous_9)
FN:105,(anonymous_10)
FN:112,(anonymous_11)
FN:117,(anonymous_12)
FN:120,(anonymous_13)
FN:128,(anonymous_14)
FN:132,(anonymous_15)
FN:139,(anonymous_16)
FN:151,(anonymous_17)
FN:164,(anonymous_18)
FN:169,(anonymous_19)
FN:176,tick
FN:177,(anonymous_21)
FN:180,(anonymous_22)
FN:189,(anonymous_23)
FN:195,(anonymous_24)
FN:217,(anonymous_25)
FN:218,(anonymous_26)
FN:247,(anonymous_27)
FN:258,(anonymous_28)
FN:260,(anonymous_29)
FN:276,(anonymous_30)
FN:280,(anonymous_31)
FN:285,(anonymous_32)
FN:289,(anonymous_33)
FN:294,(anonymous_34)
FN:302,(anonymous_35)
FN:307,(anonymous_36)
FN:311,(anonymous_37)
FN:330,(anonymous_38)
FN:337,(anonymous_39)
FN:346,(anonymous_40)
FN:355,(anonymous_41)
FN:368,(anonymous_42)
FN:379,(anonymous_43)
FN:394,(anonymous_44)
FN:399,(anonymous_45)
FN:405,(anonymous_46)
FN:411,(anonymous_47)
FN:416,(anonymous_48)
FN:422,(anonymous_49)
FN:432,(anonymous_50)
FN:434,(anonymous_51)
FN:439,(anonymous_52)
FN:444,(anonymous_53)
FN:448,(anonymous_54)
FN:452,(anonymous_55)
FN:457,(anonymous_56)
FN:471,(anonymous_57)
FN:472,(anonymous_58)
FN:474,(anonymous_59)
FN:478,(anonymous_60)
FN:488,(anonymous_61)
FN:492,(anonymous_62)
FN:516,(anonymous_63)
FN:517,(anonymous_64)
FN:527,(anonymous_65)
FN:529,(anonymous_66)
FN:532,(anonymous_67)
FN:533,(anonymous_68)
FN:550,(anonymous_69)
FN:551,(anonymous_70)
FN:604,(anonymous_71)
FN:635,(anonymous_72)
FN:636,(anonymous_73)
FN:640,(anonymous_74)
FN:644,(anonymous_75)
FN:658,(anonymous_76)
FN:660,(anonymous_77)
FN:663,(anonymous_78)
FN:667,(anonymous_79)
FN:671,(anonymous_80)
FN:673,(anonymous_81)
FN:687,(anonymous_82)
FN:688,(anonymous_83)
FNF:83
FNH:20
FNDA:12,(anonymous_1)
FNDA:5,(anonymous_2)
FNDA:0,(anonymous_3)
FNDA:0,(anonymous_4)
FNDA:0,(anonymous_5)
FNDA:0,(anonymous_6)
FNDA:0,(anonymous_7)
FNDA:0,(anonymous_8)
FNDA:0,(anonymous_9)
FNDA:0,(anonymous_10)
FNDA:9,(anonymous_11)
FNDA:0,(anonymous_12)
FNDA:0,(anonymous_13)
FNDA:0,(anonymous_14)
FNDA:0,(anonymous_15)
FNDA:0,(anonymous_16)
FNDA:0,(anonymous_17)
FNDA:0,(anonymous_18)
FNDA:0,(anonymous_19)
FNDA:0,tick
FNDA:0,(anonymous_21)
FNDA:0,(anonymous_22)
FNDA:0,(anonymous_23)
FNDA:1,(anonymous_24)
FNDA:0,(anonymous_25)
FNDA:0,(anonymous_26)
FNDA:0,(anonymous_27)
FNDA:0,(anonymous_28)
FNDA:0,(anonymous_29)
FNDA:0,(anonymous_30)
FNDA:0,(anonymous_31)
FNDA:0,(anonymous_32)
FNDA:0,(anonymous_33)
FNDA:0,(anonymous_34)
FNDA:0,(anonymous_35)
FNDA:0,(anonymous_36)
FNDA:0,(anonymous_37)
FNDA:0,(anonymous_38)
FNDA:0,(anonymous_39)
FNDA:0,(anonymous_40)
FNDA:2,(anonymous_41)
FNDA:0,(anonymous_42)
FNDA:0,(anonymous_43)
FNDA:0,(anonymous_44)
FNDA:0,(anonymous_45)
FNDA:0,(anonymous_46)
FNDA:0,(anonymous_47)
FNDA:0,(anonymous_48)
FNDA:0,(anonymous_49)
FNDA:21,(anonymous_50)
FNDA:1,(anonymous_51)
FNDA:1,(anonymous_52)
FNDA:0,(anonymous_53)
FNDA:0,(anonymous_54)
FNDA:0,(anonymous_55)
FNDA:15,(anonymous_56)
FNDA:11,(anonymous_57)
FNDA:3,(anonymous_58)
FNDA:3,(anonymous_59)
FNDA:8,(anonymous_60)
FNDA:1,(anonymous_61)
FNDA:1,(anonymous_62)
FNDA:10,(anonymous_63)
FNDA:0,(anonymous_64)
FNDA:0,(anonymous_65)
FNDA:0,(anonymous_66)
FNDA:0,(anonymous_67)
FNDA:0,(anonymous_68)
FNDA:10,(anonymous_69)
FNDA:0,(anonymous_70)
FNDA:0,(anonymous_71)
FNDA:10,(anonymous_72)
FNDA:0,(anonymous_73)
FNDA:0,(anonymous_74)
FNDA:0,(anonymous_75)
FNDA:3,(anonymous_76)
FNDA:0,(anonymous_77)
FNDA:0,(anonymous_78)
FNDA:0,(anonymous_79)
FNDA:0,(anonymous_80)
FNDA:0,(anonymous_81)
FNDA:3,(anonymous_82)
FNDA:0,(anonymous_83)
DA:12,1
DA:14,1
DA:15,12
DA:17,12
DA:21,5
DA:22,5
DA:23,5
DA:26,5
DA:27,3
DA:28,3
DA:29,3
DA:32,5
DA:33,1
DA:34,1
DA:39,4
DA:40,1
DA:41,1
DA:46,3
DA:47,3
DA:50,0
DA:52,5
DA:55,0
DA:57,0
DA:65,0
DA:71,0
DA:72,0
DA:74,0
DA:76,0
DA:77,0
DA:78,0
DA:79,0
DA:81,0
DA:82,0
DA:86,0
DA:89,0
DA:92,0
DA:93,0
DA:94,0
DA:95,0
DA:97,0
DA:98,0
DA:101,0
DA:102,0
DA:106,0
DA:107,0
DA:112,1
DA:116,9
DA:118,0
DA:121,0
DA:122,0
DA:123,0
DA:124,0
DA:125,0
DA:126,0
DA:127,0
DA:128,0
DA:129,0
DA:130,0
DA:131,0
DA:133,0
DA:134,0
DA:135,0
DA:137,0
DA:141,0
DA:142,0
DA:144,0
DA:145,0
DA:146,0
DA:148,0
DA:152,0
DA:153,0
DA:154,0
DA:157,0
DA:158,0
DA:161,0
DA:163,0
DA:164,0
DA:165,0
DA:170,0
DA:171,0
DA:172,0
DA:176,0
DA:177,0
DA:178,0
DA:179,0
DA:180,0
DA:181,0
DA:182,0
DA:184,0
DA:185,0
DA:187,0
DA:190,0
DA:196,1
DA:197,1
DA:199,1
DA:200,0
DA:201,0
DA:202,0
DA:204,0
DA:205,0
DA:207,0
DA:208,0
DA:211,0
DA:212,0
DA:214,0
DA:215,0
DA:217,0
DA:218,0
DA:219,0
DA:221,0
DA:222,0
DA:223,0
DA:225,0
DA:229,0
DA:230,0
DA:231,0
DA:232,0
DA:234,0
DA:239,0
DA:241,0
DA:243,1
DA:244,1
DA:248,0
DA:250,0
DA:251,0
DA:252,0
DA:254,0
DA:255,0
DA:257,0
DA:258,0
DA:259,0
DA:260,0
DA:261,0
DA:262,0
DA:263,0
DA:264,0
DA:266,0
DA:272,0
DA:274,0
DA:277,0
DA:278,0
DA:279,0
DA:280,0
DA:281,0
DA:286,0
DA:287,0
DA:288,0
DA:289,0
DA:290,0
DA:295,0
DA:296,0
DA:297,0
DA:298,0
DA:299,0
DA:300,0
DA:301,0
DA:302,0
DA:303,0
DA:304,0
DA:308,0
DA:309,0
DA:310,0
DA:311,0
DA:312,0
DA:313,0
DA:314,0
DA:315,0
DA:316,0
DA:317,0
DA:318,0
DA:319,0
DA:320,0
DA:322,0
DA:326,0
DA:327,0
DA:328,0
DA:329,0
DA:330,0
DA:331,0
DA:332,0
DA:335,0
DA:338,0
DA:339,0
DA:341,0
DA:342,0
DA:343,0
DA:344,0
DA:346,0
DA:347,0
DA:349,0
DA:351,0
DA:352,0
DA:356,2
DA:357,2
DA:360,2
DA:361,2
DA:362,2
DA:363,0
DA:364,0
DA:365,0
DA:368,0
DA:369,0
DA:370,0
DA:371,0
DA:373,0
DA:375,2
DA:376,2
DA:380,0
DA:381,0
DA:382,0
DA:383,0
DA:385,0
DA:386,0
DA:387,0
DA:389,0
DA:392,0
DA:394,0
DA:395,0
DA:396,0
DA:397,0
DA:400,0
DA:401,0
DA:403,0
DA:406,0
DA:407,0
DA:408,0
DA:410,0
DA:411,0
DA:412,0
DA:413,0
DA:414,0
DA:417,0
DA:418,0
DA:420,0
DA:423,0
DA:424,0
DA:425,0
DA:426,0
DA:432,1
DA:433,21
DA:434,21
DA:435,1
DA:436,1
DA:439,21
DA:440,1
DA:441,1
DA:442,1
DA:444,21
DA:445,0
DA:446,0
DA:449,0
DA:450,0
DA:453,0
DA:454,0
DA:455,0
DA:457,21
DA:458,15
DA:459,15
DA:460,15
DA:461,15
DA:463,0
DA:471,1
DA:472,11
DA:473,3
DA:474,3
DA:475,3
DA:478,8
DA:481,3
DA:482,3
DA:483,4
DA:485,3
DA:488,11
DA:489,1
DA:492,11
DA:493,1
DA:494,1
DA:495,1
DA:496,1
DA:497,2
DA:498,1
DA:500,1
DA:503,1
DA:509,11
DA:516,1
DA:517,10
DA:518,0
DA:519,0
DA:521,0
DA:522,0
DA:523,0
DA:524,0
DA:525,0
DA:527,0
DA:528,0
DA:529,0
DA:530,0
DA:531,0
DA:533,0
DA:534,0
DA:536,0
DA:539,0
DA:541,0
DA:543,10
DA:550,1
DA:551,10
DA:552,0
DA:555,0
DA:556,0
DA:559,0
DA:560,0
DA:562,0
DA:563,0
DA:564,0
DA:565,0
DA:568,0
DA:571,0
DA:572,0
DA:573,0
DA:574,0
DA:576,0
DA:577,0
DA:579,0
DA:581,0
DA:583,0
DA:585,0
DA:586,0
DA:587,0
DA:588,0
DA:589,0
DA:590,0
DA:592,0
DA:593,0
DA:594,0
DA:595,0
DA:597,0
DA:602,0
DA:604,10
DA:605,0
DA:606,0
DA:607,0
DA:608,0
DA:609,0
DA:610,0
DA:611,0
DA:612,0
DA:613,0
DA:616,0
DA:620,0
DA:622,0
DA:624,0
DA:625,0
DA:629,10
DA:635,1
DA:636,10
DA:637,0
DA:640,10
DA:641,0
DA:645,0
DA:648,0
DA:649,0
DA:652,10
DA:658,1
DA:660,3
DA:661,0
DA:663,0
DA:664,0
DA:665,0
DA:667,0
DA:668,0
DA:669,0
DA:671,0
DA:672,0
DA:673,0
DA:674,0
DA:676,0
DA:678,0
DA:680,0
DA:682,0
DA:684,3
DA:687,1
DA:688,3
DA:689,0
DA:690,0
DA:691,0
DA:692,0
DA:694,0
DA:696,0
DA:697,0
DA:698,0
LF:389
LH:87
BRDA:21,1,0,5
BRDA:21,1,1,0
BRDA:26,2,0,3
BRDA:26,2,1,2
BRDA:26,3,0,5
BRDA:26,3,1,4
BRDA:26,3,2,4
BRDA:32,4,0,1
BRDA:32,4,1,4
BRDA:32,5,0,5
BRDA:32,5,1,4
BRDA:39,6,0,1
BRDA:39,6,1,3
BRDA:39,7,0,4
BRDA:39,7,1,4
BRDA:76,8,0,0
BRDA:76,8,1,0
BRDA:142,9,0,0
BRDA:142,9,1,0
BRDA:153,10,0,0
BRDA:153,10,1,0
BRDA:153,11,0,0
BRDA:153,11,1,0
BRDA:181,12,0,0
BRDA:181,12,1,0
BRDA:199,13,0,0
BRDA:199,13,1,1
BRDA:222,14,0,0
BRDA:222,14,1,0
BRDA:229,15,0,0
BRDA:229,15,1,0
BRDA:263,16,0,0
BRDA:263,16,1,0
BRDA:318,17,0,0
BRDA:318,17,1,0
BRDA:341,18,0,0
BRDA:341,18,1,0
BRDA:362,19,0,0
BRDA:362,19,1,2
BRDA:380,20,0,0
BRDA:380,20,1,0
BRDA:386,21,0,0
BRDA:386,21,1,0
BRDA:396,22,0,0
BRDA:396,22,1,0
BRDA:413,23,0,0
BRDA:413,23,1,0
BRDA:459,24,0,15
BRDA:459,24,1,0
BRDA:497,25,0,1
BRDA:497,25,1,1
BRDA:559,26,0,0
BRDA:559,26,1,0
BRDA:564,27,0,0
BRDA:564,27,1,0
BRDA:572,28,0,0
BRDA:572,28,1,0
BRDA:574,29,0,0
BRDA:574,29,1,0
BRDA:574,30,0,0
BRDA:574,30,1,0
BRDA:577,31,0,0
BRDA:577,31,1,0
BRDA:577,32,0,0
BRDA:577,32,1,0
BRDA:587,33,0,0
BRDA:587,33,1,0
BRDA:593,34,0,0
BRDA:593,34,1,0
BRDA:593,35,0,0
BRDA:593,35,1,0
BRDA:607,36,0,0
BRDA:607,36,1,0
BRDA:609,37,0,0
BRDA:609,37,1,0
BRDA:609,38,0,0
BRDA:609,38,1,0
BRDA:611,39,0,0
BRDA:611,39,1,0
BRDA:690,40,0,0
BRDA:690,40,1,0
BRDA:690,41,0,0
BRDA:690,41,1,0
BRDA:694,42,0,0
BRDA:694,42,1,0
BRDA:694,43,0,0
BRDA:694,43,1,0
BRDA:697,44,0,0
BRDA:697,44,1,0
BRF:89
BRH:19
end_of_record
TN:
SF:./app/js/filters.js
FN:3,(anonymous_1)
FN:4,(anonymous_2)
FN:13,(anonymous_3)
FN:14,(anonymous_4)
FN:16,(anonymous_5)
FN:19,(anonymous_6)
FNF:6
FNH:0
FNDA:0,(anonymous_1)
FNDA:0,(anonymous_2)
FNDA:0,(anonymous_3)
FNDA:0,(anonymous_4)
FNDA:0,(anonymous_5)
FNDA:0,(anonymous_6)
DA:3,1
DA:4,0
DA:5,0
DA:13,1
DA:14,0
DA:15,0
DA:16,0
DA:17,0
DA:19,0
DA:20,0
DA:22,0
DA:23,0
LF:12
LH:2
BRDA:22,1,0,0
BRDA:22,1,1,0
BRF:2
BRH:0
end_of_record
TN:
SF:./app/js/directives.js
FN:3,(anonymous_1)
FN:11,(anonymous_2)
FN:17,(anonymous_3)
FN:18,(anonymous_4)
FN:24,(anonymous_5)
FN:30,(anonymous_6)
FN:31,(anonymous_7)
FN:47,(anonymous_8)
FNF:8
FNH:0
FNDA:0,(anonymous_1)
FNDA:0,(anonymous_2)
FNDA:0,(anonymous_3)
FNDA:0,(anonymous_4)
FNDA:0,(anonymous_5)
FNDA:0,(anonymous_6)
FNDA:0,(anonymous_7)
FNDA:0,(anonymous_8)
DA:3,1
DA:4,0
DA:17,1
DA:18,0
DA:19,0
DA:24,1
DA:25,0
DA:31,0
DA:32,0
DA:33,0
DA:35,0
DA:36,0
DA:37,0
DA:38,0
DA:39,0
DA:40,0
DA:44,0
DA:45,0
DA:47,0
DA:48,0
DA:50,0
LF:21
LH:3
BRDA:35,1,0,0
BRDA:35,1,1,0
BRDA:35,2,0,0
BRDA:35,2,1,0
BRDA:36,3,0,0
BRDA:36,3,1,0
BRDA:38,4,0,0
BRDA:38,4,1,0
BRDA:38,5,0,0
BRDA:38,5,1,0
BRDA:39,6,0,0
BRDA:39,6,1,0
BRF:12
BRH:0
end_of_record
